{"timestamp":"2025-12-17T15:27:27.164219Z","level":"info","event":"DAG bundles loaded: dags-folder, example_dags","logger":"airflow.dag_processing.bundles.manager.DagBundlesManager","filename":"manager.py","lineno":179}
{"timestamp":"2025-12-17T15:27:27.165829Z","level":"info","event":"Filling up the DagBag from /opt/airflow/dags/training_pipeline.py","logger":"airflow.models.dagbag.DagBag","filename":"dagbag.py","lineno":593}
{"timestamp":"2025-12-17T15:27:28.981218Z","level":"error","event":"[nltk_data] Downloading package stopwords to","logger":"task.stderr"}
{"timestamp":"2025-12-17T15:27:28.982461Z","level":"error","event":"[nltk_data]     /home/airflow/nltk_data...","logger":"task.stderr"}
{"timestamp":"2025-12-17T15:27:28.983566Z","level":"error","event":"[nltk_data]   Package stopwords is already up-to-date!","logger":"task.stderr"}
{"timestamp":"2025-12-17T15:27:29.944147Z","level":"warning","event":"The `airflow.decorators.task` attribute is deprecated. Please use `'airflow.sdk.task'`.","category":"DeprecatedImportWarning","filename":"/opt/airflow/steps/data_ingestion.py","lineno":4,"logger":"py.warnings"}
{"timestamp":"2025-12-17T15:27:29.944510Z","level":"warning","event":"The `airflow.decorators.task` attribute is deprecated. Please use `'airflow.sdk.task'`.","category":"DeprecatedImportWarning","filename":"/opt/airflow/steps/data_cleaner.py","lineno":1,"logger":"py.warnings"}
{"timestamp":"2025-12-17T15:27:29.944739Z","level":"warning","event":"The `airflow.decorators.task` attribute is deprecated. Please use `'airflow.sdk.task'`.","category":"DeprecatedImportWarning","filename":"/opt/airflow/dags/training_pipeline.py","lineno":3,"logger":"py.warnings"}
{"timestamp":"2025-12-17T15:27:29.944948Z","level":"warning","event":"The `airflow.decorators.dag` attribute is deprecated. Please use `'airflow.sdk.dag'`.","category":"DeprecatedImportWarning","filename":"/opt/airflow/dags/training_pipeline.py","lineno":3,"logger":"py.warnings"}
{"timestamp":"2025-12-17T15:27:29.945119Z","level":"warning","event":"The `airflow.decorators.task` attribute is deprecated. Please use `'airflow.sdk.task'`.","category":"DeprecatedImportWarning","filename":"/opt/airflow/steps/model_trainer.py","lineno":5,"logger":"py.warnings"}
{"timestamp":"2025-12-17T15:27:29.975876Z","level":"info","event":"Task instance is in running state","logger":"task.stdout"}
{"timestamp":"2025-12-17T15:27:29.976659Z","level":"info","event":" Previous state of the Task instance: TaskInstanceState.QUEUED","logger":"task.stdout"}
{"timestamp":"2025-12-17T15:27:29.977555Z","level":"info","event":"Current task name:model_training","logger":"task.stdout"}
{"timestamp":"2025-12-17T15:27:29.978190Z","level":"info","event":"Dag name:dag_train_pipeline","logger":"task.stdout"}
{"timestamp":"2025-12-17T15:27:31.779582Z","level":"error","event":"Error in training the KNN classifier classifier","logger":"root","filename":"helper_trainer.py","lineno":30}
{"timestamp":"2025-12-17T15:27:31.779863Z","level":"info","event":"Successfully Trained KNN model","logger":"root","filename":"model_trainer.py","lineno":28}
{"timestamp":"2025-12-17T15:27:31.780026Z","level":"error","event":"Error in training the deciasion tree classifier","logger":"root","filename":"helper_trainer.py","lineno":22}
{"timestamp":"2025-12-17T15:27:31.780148Z","level":"info","event":"Successfully Trained Decision Tree model","logger":"root","filename":"model_trainer.py","lineno":30}
{"timestamp":"2025-12-17T15:27:32.167749Z","level":"error","event":"2025/12/17 15:27:32 WARNING mlflow.sklearn: Model was missing function: predict. Not logging python_function flavor!","logger":"task.stderr"}
{"timestamp":"2025-12-17T15:27:41.654941Z","level":"error","event":"2025/12/17 15:27:41 WARNING mlflow.models.model: Model logged without a signature and input example. Please set `input_example` parameter when logging the model to auto infer the model signature.","logger":"task.stderr"}
{"timestamp":"2025-12-17T15:27:42.910518Z","level":"error","event":"Successfully registered model 'knn_trained_model'.","logger":"task.stderr"}
{"timestamp":"2025-12-17T15:27:42.957703Z","level":"error","event":"2025/12/17 15:27:42 INFO mlflow.store.model_registry.abstract_store: Waiting up to 300 seconds for model version to finish creation. Model name: knn_trained_model, version 1","logger":"task.stderr"}
{"timestamp":"2025-12-17T15:27:42.958706Z","level":"error","event":"Created version '1' of model 'knn_trained_model'.","logger":"task.stderr"}
{"timestamp":"2025-12-17T15:27:42.960206Z","level":"error","event":"2025/12/17 15:27:42 WARNING mlflow.sklearn: Model was missing function: predict. Not logging python_function flavor!","logger":"task.stderr"}
{"timestamp":"2025-12-17T15:27:46.831507Z","level":"error","event":"2025/12/17 15:27:46 WARNING mlflow.models.model: Model logged without a signature and input example. Please set `input_example` parameter when logging the model to auto infer the model signature.","logger":"task.stderr"}
{"timestamp":"2025-12-17T15:27:47.043166Z","level":"error","event":"Successfully registered model 'Decision_Trees_trained_model'.","logger":"task.stderr"}
{"timestamp":"2025-12-17T15:27:47.128963Z","level":"error","event":"2025/12/17 15:27:47 INFO mlflow.store.model_registry.abstract_store: Waiting up to 300 seconds for model version to finish creation. Model name: Decision_Trees_trained_model, version 1","logger":"task.stderr"}
{"timestamp":"2025-12-17T15:27:47.129913Z","level":"error","event":"Created version '1' of model 'Decision_Trees_trained_model'.","logger":"task.stderr"}
{"timestamp":"2025-12-17T15:27:47.153950Z","level":"error","event":"2025/12/17 15:27:47 INFO mlflow.tracking._tracking_service.client: 🏃 View run knn_trained_model at: http://host.docker.internal:5050/#/experiments/1/runs/a62c773f2389467286e47b117b70b05a.","logger":"task.stderr"}
{"timestamp":"2025-12-17T15:27:47.154759Z","level":"error","event":"2025/12/17 15:27:47 INFO mlflow.tracking._tracking_service.client: 🧪 View experiment at: http://host.docker.internal:5050/#/experiments/1.","logger":"task.stderr"}
{"timestamp":"2025-12-17T15:27:47.179866Z","level":"error","event":"Error training the model:[Errno 2] No such file or directory: '/opt/airflow/config/model_pkl_files/dt_model.pkl'","logger":"root","filename":"model_trainer.py","lineno":95}
{"timestamp":"2025-12-17T15:27:47.180198Z","level":"error","event":"Task failed with exception","logger":"task","filename":"task_runner.py","lineno":1002,"error_detail":[{"exc_type":"FileNotFoundError","exc_value":"[Errno 2] No such file or directory: '/opt/airflow/config/model_pkl_files/dt_model.pkl'","exc_notes":[],"syntax_error":null,"is_cause":false,"frames":[{"filename":"/home/airflow/.local/lib/python3.12/site-packages/airflow/sdk/execution_time/task_runner.py","lineno":928,"name":"run"},{"filename":"/home/airflow/.local/lib/python3.12/site-packages/airflow/sdk/execution_time/task_runner.py","lineno":1315,"name":"_execute_task"},{"filename":"/home/airflow/.local/lib/python3.12/site-packages/airflow/sdk/bases/operator.py","lineno":416,"name":"wrapper"},{"filename":"/home/airflow/.local/lib/python3.12/site-packages/airflow/sdk/bases/decorator.py","lineno":252,"name":"execute"},{"filename":"/home/airflow/.local/lib/python3.12/site-packages/airflow/sdk/bases/operator.py","lineno":416,"name":"wrapper"},{"filename":"/home/airflow/.local/lib/python3.12/site-packages/airflow/providers/standard/operators/python.py","lineno":213,"name":"execute"},{"filename":"/home/airflow/.local/lib/python3.12/site-packages/airflow/providers/standard/operators/python.py","lineno":236,"name":"execute_callable"},{"filename":"/home/airflow/.local/lib/python3.12/site-packages/airflow/sdk/execution_time/callback_runner.py","lineno":82,"name":"run"},{"filename":"/opt/airflow/steps/model_trainer.py","lineno":96,"name":"model_training"},{"filename":"/opt/airflow/steps/model_trainer.py","lineno":45,"name":"model_training"}],"is_group":false,"exceptions":[]}]}
{"timestamp":"2025-12-17T15:27:47.183014Z","level":"info","event":"Task instance in failure state","logger":"task.stdout"}
{"timestamp":"2025-12-17T15:27:47.184284Z","level":"info","event":"Task start","logger":"task.stdout"}
{"timestamp":"2025-12-17T15:27:47.185553Z","level":"info","event":"Task:<Task(_PythonDecoratedOperator): model_training>","logger":"task.stdout"}
{"timestamp":"2025-12-17T15:27:47.186261Z","level":"info","event":"Failure caused by [Errno 2] No such file or directory: '/opt/airflow/config/model_pkl_files/dt_model.pkl'","logger":"task.stdout"}
