{"timestamp":"2025-12-18T22:54:16.869692Z","level":"info","event":"DAG bundles loaded: dags-folder, example_dags","logger":"airflow.dag_processing.bundles.manager.DagBundlesManager","filename":"manager.py","lineno":179}
{"timestamp":"2025-12-18T22:54:16.871384Z","level":"info","event":"Filling up the DagBag from /opt/airflow/dags/training_pipeline.py","logger":"airflow.models.dagbag.DagBag","filename":"dagbag.py","lineno":593}
{"timestamp":"2025-12-18T22:54:18.672462Z","level":"error","event":"[nltk_data] Downloading package stopwords to","logger":"task.stderr"}
{"timestamp":"2025-12-18T22:54:18.673263Z","level":"error","event":"[nltk_data]     /home/airflow/nltk_data...","logger":"task.stderr"}
{"timestamp":"2025-12-18T22:54:18.674054Z","level":"error","event":"[nltk_data]   Package stopwords is already up-to-date!","logger":"task.stderr"}
{"timestamp":"2025-12-18T22:54:19.653479Z","level":"warning","event":"The `airflow.decorators.task` attribute is deprecated. Please use `'airflow.sdk.task'`.","category":"DeprecatedImportWarning","filename":"/opt/airflow/steps/data_ingestion.py","lineno":4,"logger":"py.warnings"}
{"timestamp":"2025-12-18T22:54:19.654022Z","level":"warning","event":"The `airflow.decorators.task` attribute is deprecated. Please use `'airflow.sdk.task'`.","category":"DeprecatedImportWarning","filename":"/opt/airflow/steps/data_cleaner.py","lineno":1,"logger":"py.warnings"}
{"timestamp":"2025-12-18T22:54:19.654701Z","level":"warning","event":"The `airflow.decorators.task` attribute is deprecated. Please use `'airflow.sdk.task'`.","category":"DeprecatedImportWarning","filename":"/opt/airflow/dags/training_pipeline.py","lineno":3,"logger":"py.warnings"}
{"timestamp":"2025-12-18T22:54:19.655091Z","level":"warning","event":"The `airflow.decorators.dag` attribute is deprecated. Please use `'airflow.sdk.dag'`.","category":"DeprecatedImportWarning","filename":"/opt/airflow/dags/training_pipeline.py","lineno":3,"logger":"py.warnings"}
{"timestamp":"2025-12-18T22:54:19.655468Z","level":"warning","event":"The `airflow.decorators.task` attribute is deprecated. Please use `'airflow.sdk.task'`.","category":"DeprecatedImportWarning","filename":"/opt/airflow/steps/model_trainer.py","lineno":5,"logger":"py.warnings"}
{"timestamp":"2025-12-18T22:54:19.655767Z","level":"warning","event":"The `airflow.decorators.task` attribute is deprecated. Please use `'airflow.sdk.task'`.","category":"DeprecatedImportWarning","filename":"/opt/airflow/steps/model_evaluation.py","lineno":6,"logger":"py.warnings"}
{"timestamp":"2025-12-18T22:54:19.695296Z","level":"info","event":"Task instance is in running state","logger":"task.stdout"}
{"timestamp":"2025-12-18T22:54:19.696283Z","level":"info","event":" Previous state of the Task instance: TaskInstanceState.QUEUED","logger":"task.stdout"}
{"timestamp":"2025-12-18T22:54:19.697098Z","level":"info","event":"Current task name:model_training","logger":"task.stdout"}
{"timestamp":"2025-12-18T22:54:19.697983Z","level":"info","event":"Dag name:dag_train_pipeline","logger":"task.stdout"}
{"timestamp":"2025-12-18T22:54:20.679089Z","level":"info","event":"KNN classifier model is succcesssfully trained","logger":"root","filename":"helper_trainer.py","lineno":30}
{"timestamp":"2025-12-18T22:54:20.679404Z","level":"info","event":"Successfully Trained KNN model","logger":"root","filename":"model_trainer.py","lineno":34}
{"timestamp":"2025-12-18T22:54:28.898301Z","level":"error","event":"2025/12/18 22:54:28 WARNING mlflow.models.model: Model logged without a signature and input example. Please set `input_example` parameter when logging the model to auto infer the model signature.","logger":"task.stderr"}
{"timestamp":"2025-12-18T22:54:30.733013Z","level":"error","event":"Registered model 'knn_trained_model' already exists. Creating a new version of this model...","logger":"task.stderr"}
{"timestamp":"2025-12-18T22:54:30.806359Z","level":"error","event":"2025/12/18 22:54:30 INFO mlflow.store.model_registry.abstract_store: Waiting up to 300 seconds for model version to finish creation. Model name: knn_trained_model, version 6","logger":"task.stderr"}
{"timestamp":"2025-12-18T22:54:30.810043Z","level":"error","event":"Created version '6' of model 'knn_trained_model'.","logger":"task.stderr"}
{"timestamp":"2025-12-18T22:54:30.929515Z","level":"info","event":"Successfully put the knn_model in a pkl file","logger":"root","filename":"model_trainer.py","lineno":46}
{"timestamp":"2025-12-18T22:54:30.952976Z","level":"error","event":"2025/12/18 22:54:30 INFO mlflow.tracking._tracking_service.client: 🏃 View run knn_trained_model at: http://host.docker.internal:5050/#/experiments/1/runs/e29978ba095a4e048474ffbea3929045.","logger":"task.stderr"}
{"timestamp":"2025-12-18T22:54:30.953878Z","level":"error","event":"2025/12/18 22:54:30 INFO mlflow.tracking._tracking_service.client: 🧪 View experiment at: http://host.docker.internal:5050/#/experiments/1.","logger":"task.stderr"}
{"timestamp":"2025-12-18T22:54:31.141901Z","level":"info","event":"Decision Tree model is succcesssfully trained","logger":"root","filename":"helper_trainer.py","lineno":20}
{"timestamp":"2025-12-18T22:54:31.142165Z","level":"info","event":"Successfully Trained Decision Tree model","logger":"root","filename":"model_trainer.py","lineno":52}
{"timestamp":"2025-12-18T22:54:36.369356Z","level":"error","event":"2025/12/18 22:54:36 WARNING mlflow.models.model: Model logged without a signature and input example. Please set `input_example` parameter when logging the model to auto infer the model signature.","logger":"task.stderr"}
{"timestamp":"2025-12-18T22:54:36.593707Z","level":"error","event":"Registered model 'Decision_Trees_trained_model' already exists. Creating a new version of this model...","logger":"task.stderr"}
{"timestamp":"2025-12-18T22:54:36.682540Z","level":"error","event":"2025/12/18 22:54:36 INFO mlflow.store.model_registry.abstract_store: Waiting up to 300 seconds for model version to finish creation. Model name: Decision_Trees_trained_model, version 6","logger":"task.stderr"}
{"timestamp":"2025-12-18T22:54:36.683593Z","level":"error","event":"Created version '6' of model 'Decision_Trees_trained_model'.","logger":"task.stderr"}
{"timestamp":"2025-12-18T22:54:36.684513Z","level":"info","event":"Successfully put the DT in a pkl file","logger":"root","filename":"model_trainer.py","lineno":63}
{"timestamp":"2025-12-18T22:54:36.707085Z","level":"error","event":"2025/12/18 22:54:36 INFO mlflow.tracking._tracking_service.client: 🏃 View run dt_trained_model at: http://host.docker.internal:5050/#/experiments/1/runs/a3738ba1a44049a08cc257c054302e9c.","logger":"task.stderr"}
{"timestamp":"2025-12-18T22:54:36.708095Z","level":"error","event":"2025/12/18 22:54:36 INFO mlflow.tracking._tracking_service.client: 🧪 View experiment at: http://host.docker.internal:5050/#/experiments/1.","logger":"task.stderr"}
{"timestamp":"2025-12-18T22:54:36.733234Z","level":"info","event":"Done. Returned value was: None","logger":"airflow.task.operators.airflow.providers.standard.decorators.python._PythonDecoratedOperator","filename":"python.py","lineno":215}
{"timestamp":"2025-12-18T22:54:36.758733Z","level":"info","event":"Task instance in success state","logger":"task.stdout"}
{"timestamp":"2025-12-18T22:54:36.759656Z","level":"info","event":" Previous state of the Task instance: TaskInstanceState.RUNNING","logger":"task.stdout"}
{"timestamp":"2025-12-18T22:54:36.760611Z","level":"info","event":"Task operator:<Task(_PythonDecoratedOperator): model_training>","logger":"task.stdout"}
