{"timestamp":"2025-12-17T16:33:19.877398Z","level":"info","event":"DAG bundles loaded: dags-folder, example_dags","logger":"airflow.dag_processing.bundles.manager.DagBundlesManager","filename":"manager.py","lineno":179}
{"timestamp":"2025-12-17T16:33:19.878648Z","level":"info","event":"Filling up the DagBag from /opt/airflow/dags/training_pipeline.py","logger":"airflow.models.dagbag.DagBag","filename":"dagbag.py","lineno":593}
{"timestamp":"2025-12-17T16:33:21.561656Z","level":"error","event":"[nltk_data] Downloading package stopwords to","logger":"task.stderr"}
{"timestamp":"2025-12-17T16:33:21.562372Z","level":"error","event":"[nltk_data]     /home/airflow/nltk_data...","logger":"task.stderr"}
{"timestamp":"2025-12-17T16:33:21.563095Z","level":"error","event":"[nltk_data]   Package stopwords is already up-to-date!","logger":"task.stderr"}
{"timestamp":"2025-12-17T16:33:22.507865Z","level":"warning","event":"The `airflow.decorators.task` attribute is deprecated. Please use `'airflow.sdk.task'`.","category":"DeprecatedImportWarning","filename":"/opt/airflow/steps/data_ingestion.py","lineno":4,"logger":"py.warnings"}
{"timestamp":"2025-12-17T16:33:22.508107Z","level":"warning","event":"The `airflow.decorators.task` attribute is deprecated. Please use `'airflow.sdk.task'`.","category":"DeprecatedImportWarning","filename":"/opt/airflow/steps/data_cleaner.py","lineno":1,"logger":"py.warnings"}
{"timestamp":"2025-12-17T16:33:22.508306Z","level":"warning","event":"The `airflow.decorators.task` attribute is deprecated. Please use `'airflow.sdk.task'`.","category":"DeprecatedImportWarning","filename":"/opt/airflow/dags/training_pipeline.py","lineno":3,"logger":"py.warnings"}
{"timestamp":"2025-12-17T16:33:22.508427Z","level":"warning","event":"The `airflow.decorators.dag` attribute is deprecated. Please use `'airflow.sdk.dag'`.","category":"DeprecatedImportWarning","filename":"/opt/airflow/dags/training_pipeline.py","lineno":3,"logger":"py.warnings"}
{"timestamp":"2025-12-17T16:33:22.508552Z","level":"warning","event":"The `airflow.decorators.task` attribute is deprecated. Please use `'airflow.sdk.task'`.","category":"DeprecatedImportWarning","filename":"/opt/airflow/steps/model_trainer.py","lineno":5,"logger":"py.warnings"}
{"timestamp":"2025-12-17T16:33:22.534712Z","level":"info","event":"Task instance is in running state","logger":"task.stdout"}
{"timestamp":"2025-12-17T16:33:22.535780Z","level":"info","event":" Previous state of the Task instance: TaskInstanceState.QUEUED","logger":"task.stdout"}
{"timestamp":"2025-12-17T16:33:22.536633Z","level":"info","event":"Current task name:data_cleaning","logger":"task.stdout"}
{"timestamp":"2025-12-17T16:33:22.537324Z","level":"info","event":"Dag name:dag_train_pipeline","logger":"task.stdout"}
{"timestamp":"2025-12-17T16:33:23.213101Z","level":"info","event":"Basic pre-processinng like droping the cols, filling the na values are done ","logger":"root","filename":"helper_cleaner.py","lineno":31}
{"timestamp":"2025-12-17T16:35:54.793600Z","level":"info","event":"Done Stemming","logger":"root","filename":"helper_cleaner.py","lineno":50}
{"timestamp":"2025-12-17T16:36:12.303489Z","level":"info","event":"Sucessfully  Vectorizing or spliting data","logger":"root","filename":"helper_cleaner.py","lineno":85}
{"timestamp":"2025-12-17T16:36:12.509368Z","level":"info","event":"Successfully stored train/test datasets in pickle files.","logger":"root","filename":"helper_cleaner.py","lineno":115}
{"timestamp":"2025-12-17T16:36:12.514223Z","level":"info","event":"Done. Returned value was: None","logger":"airflow.task.operators.airflow.providers.standard.decorators.python._PythonDecoratedOperator","filename":"python.py","lineno":215}
{"timestamp":"2025-12-17T16:36:12.546034Z","level":"info","event":"Task instance in success state","logger":"task.stdout"}
{"timestamp":"2025-12-17T16:36:12.546991Z","level":"info","event":" Previous state of the Task instance: TaskInstanceState.RUNNING","logger":"task.stdout"}
{"timestamp":"2025-12-17T16:36:12.548122Z","level":"info","event":"Task operator:<Task(_PythonDecoratedOperator): data_cleaning>","logger":"task.stdout"}
