{"timestamp":"2025-12-17T14:43:34.255049Z","level":"info","event":"DAG bundles loaded: dags-folder, example_dags","logger":"airflow.dag_processing.bundles.manager.DagBundlesManager","filename":"manager.py","lineno":179}
{"timestamp":"2025-12-17T14:43:34.256349Z","level":"info","event":"Filling up the DagBag from /opt/airflow/dags/training_pipeline.py","logger":"airflow.models.dagbag.DagBag","filename":"dagbag.py","lineno":593}
{"timestamp":"2025-12-17T14:43:36.357844Z","level":"error","event":"[nltk_data] Downloading package stopwords to","logger":"task.stderr"}
{"timestamp":"2025-12-17T14:43:36.358723Z","level":"error","event":"[nltk_data]     /home/airflow/nltk_data...","logger":"task.stderr"}
{"timestamp":"2025-12-17T14:43:36.359694Z","level":"error","event":"[nltk_data]   Package stopwords is already up-to-date!","logger":"task.stderr"}
{"timestamp":"2025-12-17T14:43:37.271850Z","level":"warning","event":"The `airflow.decorators.task` attribute is deprecated. Please use `'airflow.sdk.task'`.","category":"DeprecatedImportWarning","filename":"/opt/airflow/steps/data_ingestion.py","lineno":4,"logger":"py.warnings"}
{"timestamp":"2025-12-17T14:43:37.272098Z","level":"warning","event":"The `airflow.decorators.task` attribute is deprecated. Please use `'airflow.sdk.task'`.","category":"DeprecatedImportWarning","filename":"/opt/airflow/steps/data_cleaner.py","lineno":1,"logger":"py.warnings"}
{"timestamp":"2025-12-17T14:43:37.272229Z","level":"warning","event":"The `airflow.decorators.task` attribute is deprecated. Please use `'airflow.sdk.task'`.","category":"DeprecatedImportWarning","filename":"/opt/airflow/dags/training_pipeline.py","lineno":3,"logger":"py.warnings"}
{"timestamp":"2025-12-17T14:43:37.272349Z","level":"warning","event":"The `airflow.decorators.dag` attribute is deprecated. Please use `'airflow.sdk.dag'`.","category":"DeprecatedImportWarning","filename":"/opt/airflow/dags/training_pipeline.py","lineno":3,"logger":"py.warnings"}
{"timestamp":"2025-12-17T14:43:37.272463Z","level":"warning","event":"The `airflow.decorators.task` attribute is deprecated. Please use `'airflow.sdk.task'`.","category":"DeprecatedImportWarning","filename":"/opt/airflow/steps/model_trainer.py","lineno":5,"logger":"py.warnings"}
{"timestamp":"2025-12-17T14:43:37.300818Z","level":"info","event":"Task instance is in running state","logger":"task.stdout"}
{"timestamp":"2025-12-17T14:43:37.301687Z","level":"info","event":" Previous state of the Task instance: TaskInstanceState.QUEUED","logger":"task.stdout"}
{"timestamp":"2025-12-17T14:43:37.302571Z","level":"info","event":"Current task name:model_training","logger":"task.stdout"}
{"timestamp":"2025-12-17T14:43:37.303279Z","level":"info","event":"Dag name:dag_train_pipeline","logger":"task.stdout"}
{"timestamp":"2025-12-17T14:43:38.925411Z","level":"error","event":"Error in training the KNN classifier classifier","logger":"root","filename":"helper_trainer.py","lineno":30}
{"timestamp":"2025-12-17T14:43:38.925687Z","level":"info","event":"Successfully Trained KNN model","logger":"root","filename":"model_trainer.py","lineno":32}
{"timestamp":"2025-12-17T14:43:38.928218Z","level":"error","event":"2025/12/17 14:43:38 WARNING mlflow.sklearn: Model was missing function: predict. Not logging python_function flavor!","logger":"task.stderr"}
{"timestamp":"2025-12-17T14:43:49.256058Z","level":"error","event":"2025/12/17 14:43:49 WARNING mlflow.models.model: Model logged without a signature and input example. Please set `input_example` parameter when logging the model to auto infer the model signature.","logger":"task.stderr"}
{"timestamp":"2025-12-17T14:43:49.348574Z","level":"error","event":"Successfully registered model 'knn_trained_model'.","logger":"task.stderr"}
{"timestamp":"2025-12-17T14:43:49.357459Z","level":"error","event":"Created version '1' of model 'knn_trained_model'.","logger":"task.stderr"}
{"timestamp":"2025-12-17T14:43:49.377447Z","level":"error","event":"Error in training the deciasion tree classifier","logger":"root","filename":"helper_trainer.py","lineno":22}
{"timestamp":"2025-12-17T14:43:49.377720Z","level":"info","event":"Successfully Trained Decision Tree model","logger":"root","filename":"model_trainer.py","lineno":40}
{"timestamp":"2025-12-17T14:43:49.380944Z","level":"error","event":"2025/12/17 14:43:49 WARNING mlflow.sklearn: Model was missing function: predict. Not logging python_function flavor!","logger":"task.stderr"}
{"timestamp":"2025-12-17T14:43:53.285139Z","level":"error","event":"2025/12/17 14:43:53 WARNING mlflow.models.model: Model logged without a signature and input example. Please set `input_example` parameter when logging the model to auto infer the model signature.","logger":"task.stderr"}
{"timestamp":"2025-12-17T14:43:53.293767Z","level":"error","event":"Successfully registered model 'Decision_Trees_trained_model'.","logger":"task.stderr"}
{"timestamp":"2025-12-17T14:43:53.300676Z","level":"error","event":"Created version '1' of model 'Decision_Trees_trained_model'.","logger":"task.stderr"}
{"timestamp":"2025-12-17T14:43:53.302801Z","level":"error","event":"Error training the model:[Errno 2] No such file or directory: '/opt/airflow/config/model_pkl_files/knn_model.pkl'","logger":"root","filename":"model_trainer.py","lineno":85}
{"timestamp":"2025-12-17T14:43:53.303094Z","level":"error","event":"Task failed with exception","logger":"task","filename":"task_runner.py","lineno":1002,"error_detail":[{"exc_type":"FileNotFoundError","exc_value":"[Errno 2] No such file or directory: '/opt/airflow/config/model_pkl_files/knn_model.pkl'","exc_notes":[],"syntax_error":null,"is_cause":false,"frames":[{"filename":"/home/airflow/.local/lib/python3.12/site-packages/airflow/sdk/execution_time/task_runner.py","lineno":928,"name":"run"},{"filename":"/home/airflow/.local/lib/python3.12/site-packages/airflow/sdk/execution_time/task_runner.py","lineno":1315,"name":"_execute_task"},{"filename":"/home/airflow/.local/lib/python3.12/site-packages/airflow/sdk/bases/operator.py","lineno":416,"name":"wrapper"},{"filename":"/home/airflow/.local/lib/python3.12/site-packages/airflow/sdk/bases/decorator.py","lineno":252,"name":"execute"},{"filename":"/home/airflow/.local/lib/python3.12/site-packages/airflow/sdk/bases/operator.py","lineno":416,"name":"wrapper"},{"filename":"/home/airflow/.local/lib/python3.12/site-packages/airflow/providers/standard/operators/python.py","lineno":213,"name":"execute"},{"filename":"/home/airflow/.local/lib/python3.12/site-packages/airflow/providers/standard/operators/python.py","lineno":236,"name":"execute_callable"},{"filename":"/home/airflow/.local/lib/python3.12/site-packages/airflow/sdk/execution_time/callback_runner.py","lineno":82,"name":"run"},{"filename":"/opt/airflow/steps/model_trainer.py","lineno":86,"name":"model_training"},{"filename":"/opt/airflow/steps/model_trainer.py","lineno":47,"name":"model_training"}],"is_group":false,"exceptions":[]}]}
{"timestamp":"2025-12-17T14:43:53.305527Z","level":"info","event":"Task instance in failure state","logger":"task.stdout"}
{"timestamp":"2025-12-17T14:43:53.306271Z","level":"info","event":"Task start","logger":"task.stdout"}
{"timestamp":"2025-12-17T14:43:53.306665Z","level":"info","event":"Task:<Task(_PythonDecoratedOperator): model_training>","logger":"task.stdout"}
{"timestamp":"2025-12-17T14:43:53.307096Z","level":"info","event":"Failure caused by [Errno 2] No such file or directory: '/opt/airflow/config/model_pkl_files/knn_model.pkl'","logger":"task.stdout"}
