{"timestamp":"2025-12-14T16:54:16.043205Z","level":"info","event":"Filling up the DagBag from /opt/airflow/dags/training_pipeline.py","logger":"airflow.models.dagbag.DagBag","filename":"dagbag.py","lineno":593}
{"timestamp":"2025-12-14T16:54:16.158108Z","level":"warning","event":"The `airflow.decorators.task` attribute is deprecated. Please use `'airflow.sdk.task'`.","category":"DeprecatedImportWarning","filename":"/opt/airflow/steps/data_ingestion.py","lineno":4,"logger":"py.warnings"}
{"timestamp":"2025-12-14T16:54:16.158492Z","level":"warning","event":"The `airflow.decorators.task` attribute is deprecated. Please use `'airflow.sdk.task'`.","category":"DeprecatedImportWarning","filename":"/opt/airflow/steps/data_cleaner.py","lineno":1,"logger":"py.warnings"}
{"timestamp":"2025-12-14T16:54:16.158669Z","level":"warning","event":"The `airflow.decorators.task` attribute is deprecated. Please use `'airflow.sdk.task'`.","category":"DeprecatedImportWarning","filename":"/opt/airflow/dags/training_pipeline.py","lineno":3,"logger":"py.warnings"}
{"timestamp":"2025-12-14T16:54:16.158816Z","level":"warning","event":"The `airflow.decorators.dag` attribute is deprecated. Please use `'airflow.sdk.dag'`.","category":"DeprecatedImportWarning","filename":"/opt/airflow/dags/training_pipeline.py","lineno":3,"logger":"py.warnings"}
{"timestamp":"2025-12-14T16:54:46.524956Z","level":"info","event":"Filling up the DagBag from /opt/airflow/dags/training_pipeline.py","logger":"airflow.models.dagbag.DagBag","filename":"dagbag.py","lineno":593}
{"timestamp":"2025-12-14T16:54:46.564588Z","level":"warning","event":"The `airflow.decorators.task` attribute is deprecated. Please use `'airflow.sdk.task'`.","category":"DeprecatedImportWarning","filename":"/opt/airflow/steps/data_ingestion.py","lineno":4,"logger":"py.warnings"}
{"timestamp":"2025-12-14T16:54:46.564896Z","level":"warning","event":"The `airflow.decorators.task` attribute is deprecated. Please use `'airflow.sdk.task'`.","category":"DeprecatedImportWarning","filename":"/opt/airflow/steps/data_cleaner.py","lineno":1,"logger":"py.warnings"}
{"timestamp":"2025-12-14T16:54:46.565050Z","level":"warning","event":"The `airflow.decorators.task` attribute is deprecated. Please use `'airflow.sdk.task'`.","category":"DeprecatedImportWarning","filename":"/opt/airflow/dags/training_pipeline.py","lineno":3,"logger":"py.warnings"}
{"timestamp":"2025-12-14T16:54:46.565171Z","level":"warning","event":"The `airflow.decorators.dag` attribute is deprecated. Please use `'airflow.sdk.dag'`.","category":"DeprecatedImportWarning","filename":"/opt/airflow/dags/training_pipeline.py","lineno":3,"logger":"py.warnings"}
{"timestamp":"2025-12-14T16:57:00.029513Z","level":"info","event":"Filling up the DagBag from /opt/airflow/dags/training_pipeline.py","logger":"airflow.models.dagbag.DagBag","filename":"dagbag.py","lineno":593}
{"timestamp":"2025-12-14T16:57:00.116830Z","level":"warning","event":"The `airflow.decorators.task` attribute is deprecated. Please use `'airflow.sdk.task'`.","category":"DeprecatedImportWarning","filename":"/opt/airflow/steps/data_ingestion.py","lineno":4,"logger":"py.warnings"}
{"timestamp":"2025-12-14T16:57:00.117291Z","level":"warning","event":"The `airflow.decorators.task` attribute is deprecated. Please use `'airflow.sdk.task'`.","category":"DeprecatedImportWarning","filename":"/opt/airflow/steps/data_cleaner.py","lineno":1,"logger":"py.warnings"}
{"timestamp":"2025-12-14T16:57:00.117455Z","level":"warning","event":"The `airflow.decorators.task` attribute is deprecated. Please use `'airflow.sdk.task'`.","category":"DeprecatedImportWarning","filename":"/opt/airflow/dags/training_pipeline.py","lineno":3,"logger":"py.warnings"}
{"timestamp":"2025-12-14T16:57:00.117639Z","level":"warning","event":"The `airflow.decorators.dag` attribute is deprecated. Please use `'airflow.sdk.dag'`.","category":"DeprecatedImportWarning","filename":"/opt/airflow/dags/training_pipeline.py","lineno":3,"logger":"py.warnings"}
{"timestamp":"2025-12-14T16:57:30.761918Z","level":"info","event":"Filling up the DagBag from /opt/airflow/dags/training_pipeline.py","logger":"airflow.models.dagbag.DagBag","filename":"dagbag.py","lineno":593}
{"timestamp":"2025-12-14T16:57:30.816915Z","level":"warning","event":"The `airflow.decorators.task` attribute is deprecated. Please use `'airflow.sdk.task'`.","category":"DeprecatedImportWarning","filename":"/opt/airflow/steps/data_ingestion.py","lineno":4,"logger":"py.warnings"}
{"timestamp":"2025-12-14T16:57:30.817185Z","level":"warning","event":"The `airflow.decorators.task` attribute is deprecated. Please use `'airflow.sdk.task'`.","category":"DeprecatedImportWarning","filename":"/opt/airflow/steps/data_cleaner.py","lineno":1,"logger":"py.warnings"}
{"timestamp":"2025-12-14T16:57:30.817517Z","level":"warning","event":"The `airflow.decorators.task` attribute is deprecated. Please use `'airflow.sdk.task'`.","category":"DeprecatedImportWarning","filename":"/opt/airflow/dags/training_pipeline.py","lineno":3,"logger":"py.warnings"}
{"timestamp":"2025-12-14T16:57:30.817690Z","level":"warning","event":"The `airflow.decorators.dag` attribute is deprecated. Please use `'airflow.sdk.dag'`.","category":"DeprecatedImportWarning","filename":"/opt/airflow/dags/training_pipeline.py","lineno":3,"logger":"py.warnings"}
{"timestamp":"2025-12-14T16:58:01.881833Z","level":"info","event":"Filling up the DagBag from /opt/airflow/dags/training_pipeline.py","logger":"airflow.models.dagbag.DagBag","filename":"dagbag.py","lineno":593}
{"timestamp":"2025-12-14T16:58:01.918956Z","level":"warning","event":"The `airflow.decorators.task` attribute is deprecated. Please use `'airflow.sdk.task'`.","category":"DeprecatedImportWarning","filename":"/opt/airflow/steps/data_ingestion.py","lineno":4,"logger":"py.warnings"}
{"timestamp":"2025-12-14T16:58:01.919233Z","level":"warning","event":"The `airflow.decorators.task` attribute is deprecated. Please use `'airflow.sdk.task'`.","category":"DeprecatedImportWarning","filename":"/opt/airflow/steps/data_cleaner.py","lineno":1,"logger":"py.warnings"}
{"timestamp":"2025-12-14T16:58:01.919446Z","level":"warning","event":"The `airflow.decorators.task` attribute is deprecated. Please use `'airflow.sdk.task'`.","category":"DeprecatedImportWarning","filename":"/opt/airflow/dags/training_pipeline.py","lineno":3,"logger":"py.warnings"}
{"timestamp":"2025-12-14T16:58:01.919590Z","level":"warning","event":"The `airflow.decorators.dag` attribute is deprecated. Please use `'airflow.sdk.dag'`.","category":"DeprecatedImportWarning","filename":"/opt/airflow/dags/training_pipeline.py","lineno":3,"logger":"py.warnings"}
{"timestamp":"2025-12-14T16:58:32.783294Z","level":"info","event":"Filling up the DagBag from /opt/airflow/dags/training_pipeline.py","logger":"airflow.models.dagbag.DagBag","filename":"dagbag.py","lineno":593}
{"timestamp":"2025-12-14T16:58:32.826442Z","level":"warning","event":"The `airflow.decorators.task` attribute is deprecated. Please use `'airflow.sdk.task'`.","category":"DeprecatedImportWarning","filename":"/opt/airflow/steps/data_ingestion.py","lineno":4,"logger":"py.warnings"}
{"timestamp":"2025-12-14T16:58:32.826862Z","level":"warning","event":"The `airflow.decorators.task` attribute is deprecated. Please use `'airflow.sdk.task'`.","category":"DeprecatedImportWarning","filename":"/opt/airflow/steps/data_cleaner.py","lineno":1,"logger":"py.warnings"}
{"timestamp":"2025-12-14T16:58:32.827041Z","level":"warning","event":"The `airflow.decorators.task` attribute is deprecated. Please use `'airflow.sdk.task'`.","category":"DeprecatedImportWarning","filename":"/opt/airflow/dags/training_pipeline.py","lineno":3,"logger":"py.warnings"}
{"timestamp":"2025-12-14T16:58:32.827164Z","level":"warning","event":"The `airflow.decorators.dag` attribute is deprecated. Please use `'airflow.sdk.dag'`.","category":"DeprecatedImportWarning","filename":"/opt/airflow/dags/training_pipeline.py","lineno":3,"logger":"py.warnings"}
{"timestamp":"2025-12-14T16:59:02.978876Z","level":"info","event":"Filling up the DagBag from /opt/airflow/dags/training_pipeline.py","logger":"airflow.models.dagbag.DagBag","filename":"dagbag.py","lineno":593}
{"timestamp":"2025-12-14T16:59:03.017910Z","level":"warning","event":"The `airflow.decorators.task` attribute is deprecated. Please use `'airflow.sdk.task'`.","category":"DeprecatedImportWarning","filename":"/opt/airflow/steps/data_ingestion.py","lineno":4,"logger":"py.warnings"}
{"timestamp":"2025-12-14T16:59:03.018153Z","level":"warning","event":"The `airflow.decorators.task` attribute is deprecated. Please use `'airflow.sdk.task'`.","category":"DeprecatedImportWarning","filename":"/opt/airflow/steps/data_cleaner.py","lineno":1,"logger":"py.warnings"}
{"timestamp":"2025-12-14T16:59:03.018342Z","level":"warning","event":"The `airflow.decorators.task` attribute is deprecated. Please use `'airflow.sdk.task'`.","category":"DeprecatedImportWarning","filename":"/opt/airflow/dags/training_pipeline.py","lineno":3,"logger":"py.warnings"}
{"timestamp":"2025-12-14T16:59:03.018488Z","level":"warning","event":"The `airflow.decorators.dag` attribute is deprecated. Please use `'airflow.sdk.dag'`.","category":"DeprecatedImportWarning","filename":"/opt/airflow/dags/training_pipeline.py","lineno":3,"logger":"py.warnings"}
{"timestamp":"2025-12-14T16:59:33.441401Z","level":"info","event":"Filling up the DagBag from /opt/airflow/dags/training_pipeline.py","logger":"airflow.models.dagbag.DagBag","filename":"dagbag.py","lineno":593}
{"timestamp":"2025-12-14T16:59:33.485938Z","level":"warning","event":"The `airflow.decorators.task` attribute is deprecated. Please use `'airflow.sdk.task'`.","category":"DeprecatedImportWarning","filename":"/opt/airflow/steps/data_ingestion.py","lineno":4,"logger":"py.warnings"}
{"timestamp":"2025-12-14T16:59:33.486261Z","level":"warning","event":"The `airflow.decorators.task` attribute is deprecated. Please use `'airflow.sdk.task'`.","category":"DeprecatedImportWarning","filename":"/opt/airflow/steps/data_cleaner.py","lineno":1,"logger":"py.warnings"}
{"timestamp":"2025-12-14T16:59:33.486530Z","level":"warning","event":"The `airflow.decorators.task` attribute is deprecated. Please use `'airflow.sdk.task'`.","category":"DeprecatedImportWarning","filename":"/opt/airflow/dags/training_pipeline.py","lineno":3,"logger":"py.warnings"}
{"timestamp":"2025-12-14T16:59:33.486776Z","level":"warning","event":"The `airflow.decorators.dag` attribute is deprecated. Please use `'airflow.sdk.dag'`.","category":"DeprecatedImportWarning","filename":"/opt/airflow/dags/training_pipeline.py","lineno":3,"logger":"py.warnings"}
{"timestamp":"2025-12-14T17:00:03.714540Z","level":"info","event":"Filling up the DagBag from /opt/airflow/dags/training_pipeline.py","logger":"airflow.models.dagbag.DagBag","filename":"dagbag.py","lineno":593}
{"timestamp":"2025-12-14T17:00:03.753690Z","level":"warning","event":"The `airflow.decorators.task` attribute is deprecated. Please use `'airflow.sdk.task'`.","category":"DeprecatedImportWarning","filename":"/opt/airflow/steps/data_ingestion.py","lineno":4,"logger":"py.warnings"}
{"timestamp":"2025-12-14T17:00:03.753966Z","level":"warning","event":"The `airflow.decorators.task` attribute is deprecated. Please use `'airflow.sdk.task'`.","category":"DeprecatedImportWarning","filename":"/opt/airflow/steps/data_cleaner.py","lineno":1,"logger":"py.warnings"}
{"timestamp":"2025-12-14T17:00:03.754103Z","level":"warning","event":"The `airflow.decorators.task` attribute is deprecated. Please use `'airflow.sdk.task'`.","category":"DeprecatedImportWarning","filename":"/opt/airflow/dags/training_pipeline.py","lineno":3,"logger":"py.warnings"}
{"timestamp":"2025-12-14T17:00:03.754221Z","level":"warning","event":"The `airflow.decorators.dag` attribute is deprecated. Please use `'airflow.sdk.dag'`.","category":"DeprecatedImportWarning","filename":"/opt/airflow/dags/training_pipeline.py","lineno":3,"logger":"py.warnings"}
{"timestamp":"2025-12-14T17:00:34.028777Z","level":"info","event":"Filling up the DagBag from /opt/airflow/dags/training_pipeline.py","logger":"airflow.models.dagbag.DagBag","filename":"dagbag.py","lineno":593}
{"timestamp":"2025-12-14T17:00:34.069920Z","level":"warning","event":"The `airflow.decorators.task` attribute is deprecated. Please use `'airflow.sdk.task'`.","category":"DeprecatedImportWarning","filename":"/opt/airflow/steps/data_ingestion.py","lineno":4,"logger":"py.warnings"}
{"timestamp":"2025-12-14T17:00:34.070277Z","level":"warning","event":"The `airflow.decorators.task` attribute is deprecated. Please use `'airflow.sdk.task'`.","category":"DeprecatedImportWarning","filename":"/opt/airflow/steps/data_cleaner.py","lineno":1,"logger":"py.warnings"}
{"timestamp":"2025-12-14T17:00:34.070451Z","level":"warning","event":"The `airflow.decorators.task` attribute is deprecated. Please use `'airflow.sdk.task'`.","category":"DeprecatedImportWarning","filename":"/opt/airflow/dags/training_pipeline.py","lineno":3,"logger":"py.warnings"}
{"timestamp":"2025-12-14T17:00:34.070615Z","level":"warning","event":"The `airflow.decorators.dag` attribute is deprecated. Please use `'airflow.sdk.dag'`.","category":"DeprecatedImportWarning","filename":"/opt/airflow/dags/training_pipeline.py","lineno":3,"logger":"py.warnings"}
{"timestamp":"2025-12-14T17:01:04.408440Z","level":"info","event":"Filling up the DagBag from /opt/airflow/dags/training_pipeline.py","logger":"airflow.models.dagbag.DagBag","filename":"dagbag.py","lineno":593}
{"timestamp":"2025-12-14T17:01:04.445774Z","level":"warning","event":"The `airflow.decorators.task` attribute is deprecated. Please use `'airflow.sdk.task'`.","category":"DeprecatedImportWarning","filename":"/opt/airflow/steps/data_ingestion.py","lineno":4,"logger":"py.warnings"}
{"timestamp":"2025-12-14T17:01:04.446079Z","level":"warning","event":"The `airflow.decorators.task` attribute is deprecated. Please use `'airflow.sdk.task'`.","category":"DeprecatedImportWarning","filename":"/opt/airflow/steps/data_cleaner.py","lineno":1,"logger":"py.warnings"}
{"timestamp":"2025-12-14T17:01:04.446290Z","level":"warning","event":"The `airflow.decorators.task` attribute is deprecated. Please use `'airflow.sdk.task'`.","category":"DeprecatedImportWarning","filename":"/opt/airflow/dags/training_pipeline.py","lineno":3,"logger":"py.warnings"}
{"timestamp":"2025-12-14T17:01:04.446576Z","level":"warning","event":"The `airflow.decorators.dag` attribute is deprecated. Please use `'airflow.sdk.dag'`.","category":"DeprecatedImportWarning","filename":"/opt/airflow/dags/training_pipeline.py","lineno":3,"logger":"py.warnings"}
{"timestamp":"2025-12-14T17:04:44.730561Z","level":"info","event":"Filling up the DagBag from /opt/airflow/dags/training_pipeline.py","logger":"airflow.models.dagbag.DagBag","filename":"dagbag.py","lineno":593}
{"timestamp":"2025-12-14T17:04:44.812740Z","level":"warning","event":"The `airflow.decorators.task` attribute is deprecated. Please use `'airflow.sdk.task'`.","category":"DeprecatedImportWarning","filename":"/opt/airflow/steps/data_ingestion.py","lineno":4,"logger":"py.warnings"}
{"timestamp":"2025-12-14T17:04:44.813000Z","level":"warning","event":"The `airflow.decorators.task` attribute is deprecated. Please use `'airflow.sdk.task'`.","category":"DeprecatedImportWarning","filename":"/opt/airflow/steps/data_cleaner.py","lineno":1,"logger":"py.warnings"}
{"timestamp":"2025-12-14T17:04:44.813133Z","level":"warning","event":"The `airflow.decorators.task` attribute is deprecated. Please use `'airflow.sdk.task'`.","category":"DeprecatedImportWarning","filename":"/opt/airflow/dags/training_pipeline.py","lineno":3,"logger":"py.warnings"}
{"timestamp":"2025-12-14T17:04:44.813352Z","level":"warning","event":"The `airflow.decorators.dag` attribute is deprecated. Please use `'airflow.sdk.dag'`.","category":"DeprecatedImportWarning","filename":"/opt/airflow/dags/training_pipeline.py","lineno":3,"logger":"py.warnings"}
{"timestamp":"2025-12-14T17:05:15.355384Z","level":"info","event":"Filling up the DagBag from /opt/airflow/dags/training_pipeline.py","logger":"airflow.models.dagbag.DagBag","filename":"dagbag.py","lineno":593}
{"timestamp":"2025-12-14T17:05:15.392942Z","level":"warning","event":"The `airflow.decorators.task` attribute is deprecated. Please use `'airflow.sdk.task'`.","category":"DeprecatedImportWarning","filename":"/opt/airflow/steps/data_ingestion.py","lineno":4,"logger":"py.warnings"}
{"timestamp":"2025-12-14T17:05:15.393188Z","level":"warning","event":"The `airflow.decorators.task` attribute is deprecated. Please use `'airflow.sdk.task'`.","category":"DeprecatedImportWarning","filename":"/opt/airflow/steps/data_cleaner.py","lineno":1,"logger":"py.warnings"}
{"timestamp":"2025-12-14T17:05:15.393320Z","level":"warning","event":"The `airflow.decorators.task` attribute is deprecated. Please use `'airflow.sdk.task'`.","category":"DeprecatedImportWarning","filename":"/opt/airflow/dags/training_pipeline.py","lineno":3,"logger":"py.warnings"}
{"timestamp":"2025-12-14T17:05:15.393536Z","level":"warning","event":"The `airflow.decorators.dag` attribute is deprecated. Please use `'airflow.sdk.dag'`.","category":"DeprecatedImportWarning","filename":"/opt/airflow/dags/training_pipeline.py","lineno":3,"logger":"py.warnings"}
{"timestamp":"2025-12-14T17:05:45.541537Z","level":"info","event":"Filling up the DagBag from /opt/airflow/dags/training_pipeline.py","logger":"airflow.models.dagbag.DagBag","filename":"dagbag.py","lineno":593}
{"timestamp":"2025-12-14T17:05:45.577440Z","level":"warning","event":"The `airflow.decorators.task` attribute is deprecated. Please use `'airflow.sdk.task'`.","category":"DeprecatedImportWarning","filename":"/opt/airflow/steps/data_ingestion.py","lineno":4,"logger":"py.warnings"}
{"timestamp":"2025-12-14T17:05:45.577741Z","level":"warning","event":"The `airflow.decorators.task` attribute is deprecated. Please use `'airflow.sdk.task'`.","category":"DeprecatedImportWarning","filename":"/opt/airflow/steps/data_cleaner.py","lineno":1,"logger":"py.warnings"}
{"timestamp":"2025-12-14T17:05:45.577876Z","level":"warning","event":"The `airflow.decorators.task` attribute is deprecated. Please use `'airflow.sdk.task'`.","category":"DeprecatedImportWarning","filename":"/opt/airflow/dags/training_pipeline.py","lineno":3,"logger":"py.warnings"}
{"timestamp":"2025-12-14T17:05:45.577997Z","level":"warning","event":"The `airflow.decorators.dag` attribute is deprecated. Please use `'airflow.sdk.dag'`.","category":"DeprecatedImportWarning","filename":"/opt/airflow/dags/training_pipeline.py","lineno":3,"logger":"py.warnings"}
{"timestamp":"2025-12-14T17:06:15.923717Z","level":"info","event":"Filling up the DagBag from /opt/airflow/dags/training_pipeline.py","logger":"airflow.models.dagbag.DagBag","filename":"dagbag.py","lineno":593}
{"timestamp":"2025-12-14T17:06:15.961500Z","level":"warning","event":"The `airflow.decorators.task` attribute is deprecated. Please use `'airflow.sdk.task'`.","category":"DeprecatedImportWarning","filename":"/opt/airflow/steps/data_ingestion.py","lineno":4,"logger":"py.warnings"}
{"timestamp":"2025-12-14T17:06:15.961741Z","level":"warning","event":"The `airflow.decorators.task` attribute is deprecated. Please use `'airflow.sdk.task'`.","category":"DeprecatedImportWarning","filename":"/opt/airflow/steps/data_cleaner.py","lineno":1,"logger":"py.warnings"}
{"timestamp":"2025-12-14T17:06:15.961922Z","level":"warning","event":"The `airflow.decorators.task` attribute is deprecated. Please use `'airflow.sdk.task'`.","category":"DeprecatedImportWarning","filename":"/opt/airflow/dags/training_pipeline.py","lineno":3,"logger":"py.warnings"}
{"timestamp":"2025-12-14T17:06:15.962059Z","level":"warning","event":"The `airflow.decorators.dag` attribute is deprecated. Please use `'airflow.sdk.dag'`.","category":"DeprecatedImportWarning","filename":"/opt/airflow/dags/training_pipeline.py","lineno":3,"logger":"py.warnings"}
{"timestamp":"2025-12-14T17:06:46.618586Z","level":"info","event":"Filling up the DagBag from /opt/airflow/dags/training_pipeline.py","logger":"airflow.models.dagbag.DagBag","filename":"dagbag.py","lineno":593}
{"timestamp":"2025-12-14T17:06:46.668285Z","level":"warning","event":"The `airflow.decorators.task` attribute is deprecated. Please use `'airflow.sdk.task'`.","category":"DeprecatedImportWarning","filename":"/opt/airflow/steps/data_ingestion.py","lineno":4,"logger":"py.warnings"}
{"timestamp":"2025-12-14T17:06:46.668558Z","level":"warning","event":"The `airflow.decorators.task` attribute is deprecated. Please use `'airflow.sdk.task'`.","category":"DeprecatedImportWarning","filename":"/opt/airflow/steps/data_cleaner.py","lineno":1,"logger":"py.warnings"}
{"timestamp":"2025-12-14T17:06:46.668715Z","level":"warning","event":"The `airflow.decorators.task` attribute is deprecated. Please use `'airflow.sdk.task'`.","category":"DeprecatedImportWarning","filename":"/opt/airflow/dags/training_pipeline.py","lineno":3,"logger":"py.warnings"}
{"timestamp":"2025-12-14T17:06:46.668852Z","level":"warning","event":"The `airflow.decorators.dag` attribute is deprecated. Please use `'airflow.sdk.dag'`.","category":"DeprecatedImportWarning","filename":"/opt/airflow/dags/training_pipeline.py","lineno":3,"logger":"py.warnings"}
