{"timestamp":"2025-12-17T15:40:36.741797Z","level":"info","event":"DAG bundles loaded: dags-folder, example_dags","logger":"airflow.dag_processing.bundles.manager.DagBundlesManager","filename":"manager.py","lineno":179}
{"timestamp":"2025-12-17T15:40:36.743722Z","level":"info","event":"Filling up the DagBag from /opt/airflow/dags/training_pipeline.py","logger":"airflow.models.dagbag.DagBag","filename":"dagbag.py","lineno":593}
{"timestamp":"2025-12-17T15:40:38.502649Z","level":"error","event":"[nltk_data] Downloading package stopwords to","logger":"task.stderr"}
{"timestamp":"2025-12-17T15:40:38.503529Z","level":"error","event":"[nltk_data]     /home/airflow/nltk_data...","logger":"task.stderr"}
{"timestamp":"2025-12-17T15:40:38.504277Z","level":"error","event":"[nltk_data]   Package stopwords is already up-to-date!","logger":"task.stderr"}
{"timestamp":"2025-12-17T15:40:39.511843Z","level":"warning","event":"The `airflow.decorators.task` attribute is deprecated. Please use `'airflow.sdk.task'`.","category":"DeprecatedImportWarning","filename":"/opt/airflow/steps/data_ingestion.py","lineno":4,"logger":"py.warnings"}
{"timestamp":"2025-12-17T15:40:39.512094Z","level":"warning","event":"The `airflow.decorators.task` attribute is deprecated. Please use `'airflow.sdk.task'`.","category":"DeprecatedImportWarning","filename":"/opt/airflow/steps/data_cleaner.py","lineno":1,"logger":"py.warnings"}
{"timestamp":"2025-12-17T15:40:39.512232Z","level":"warning","event":"The `airflow.decorators.task` attribute is deprecated. Please use `'airflow.sdk.task'`.","category":"DeprecatedImportWarning","filename":"/opt/airflow/dags/training_pipeline.py","lineno":3,"logger":"py.warnings"}
{"timestamp":"2025-12-17T15:40:39.512353Z","level":"warning","event":"The `airflow.decorators.dag` attribute is deprecated. Please use `'airflow.sdk.dag'`.","category":"DeprecatedImportWarning","filename":"/opt/airflow/dags/training_pipeline.py","lineno":3,"logger":"py.warnings"}
{"timestamp":"2025-12-17T15:40:39.512597Z","level":"warning","event":"The `airflow.decorators.task` attribute is deprecated. Please use `'airflow.sdk.task'`.","category":"DeprecatedImportWarning","filename":"/opt/airflow/steps/model_trainer.py","lineno":5,"logger":"py.warnings"}
{"timestamp":"2025-12-17T15:40:39.541410Z","level":"info","event":"Task instance is in running state","logger":"task.stdout"}
{"timestamp":"2025-12-17T15:40:39.542226Z","level":"info","event":" Previous state of the Task instance: TaskInstanceState.QUEUED","logger":"task.stdout"}
{"timestamp":"2025-12-17T15:40:39.542940Z","level":"info","event":"Current task name:model_training","logger":"task.stdout"}
{"timestamp":"2025-12-17T15:40:39.543577Z","level":"info","event":"Dag name:dag_train_pipeline","logger":"task.stdout"}
{"timestamp":"2025-12-17T15:40:40.507389Z","level":"error","event":"Error in training the KNN classifier classifier","logger":"root","filename":"helper_trainer.py","lineno":30}
{"timestamp":"2025-12-17T15:40:40.507710Z","level":"info","event":"Successfully Trained KNN model","logger":"root","filename":"model_trainer.py","lineno":32}
{"timestamp":"2025-12-17T15:40:40.507867Z","level":"error","event":"Error in training the deciasion tree classifier","logger":"root","filename":"helper_trainer.py","lineno":22}
{"timestamp":"2025-12-17T15:40:40.507984Z","level":"info","event":"Successfully Trained Decision Tree model","logger":"root","filename":"model_trainer.py","lineno":34}
{"timestamp":"2025-12-17T15:40:40.510648Z","level":"error","event":"2025/12/17 15:40:40 WARNING mlflow.sklearn: Model was missing function: predict. Not logging python_function flavor!","logger":"task.stderr"}
{"timestamp":"2025-12-17T15:40:49.284310Z","level":"error","event":"2025/12/17 15:40:49 WARNING mlflow.models.model: Model logged without a signature and input example. Please set `input_example` parameter when logging the model to auto infer the model signature.","logger":"task.stderr"}
{"timestamp":"2025-12-17T15:40:51.083429Z","level":"error","event":"Registered model 'knn_trained_model' already exists. Creating a new version of this model...","logger":"task.stderr"}
{"timestamp":"2025-12-17T15:40:51.159791Z","level":"error","event":"2025/12/17 15:40:51 INFO mlflow.store.model_registry.abstract_store: Waiting up to 300 seconds for model version to finish creation. Model name: knn_trained_model, version 2","logger":"task.stderr"}
{"timestamp":"2025-12-17T15:40:51.160853Z","level":"error","event":"Created version '2' of model 'knn_trained_model'.","logger":"task.stderr"}
{"timestamp":"2025-12-17T15:40:51.161587Z","level":"error","event":"2025/12/17 15:40:51 WARNING mlflow.sklearn: Model was missing function: predict. Not logging python_function flavor!","logger":"task.stderr"}
{"timestamp":"2025-12-17T15:40:55.832222Z","level":"error","event":"2025/12/17 15:40:55 WARNING mlflow.models.model: Model logged without a signature and input example. Please set `input_example` parameter when logging the model to auto infer the model signature.","logger":"task.stderr"}
{"timestamp":"2025-12-17T15:40:56.030508Z","level":"error","event":"Registered model 'Decision_Trees_trained_model' already exists. Creating a new version of this model...","logger":"task.stderr"}
{"timestamp":"2025-12-17T15:40:56.133076Z","level":"error","event":"2025/12/17 15:40:56 INFO mlflow.store.model_registry.abstract_store: Waiting up to 300 seconds for model version to finish creation. Model name: Decision_Trees_trained_model, version 2","logger":"task.stderr"}
{"timestamp":"2025-12-17T15:40:56.165092Z","level":"error","event":"Created version '2' of model 'Decision_Trees_trained_model'.","logger":"task.stderr"}
{"timestamp":"2025-12-17T15:40:56.135964Z","level":"info","event":"Successfully put the DT in a pkl file","logger":"root","filename":"model_trainer.py","lineno":47}
{"timestamp":"2025-12-17T15:40:56.140992Z","level":"info","event":"Successfully put the knn_model in a pkl file","logger":"root","filename":"model_trainer.py","lineno":54}
{"timestamp":"2025-12-17T15:40:56.179447Z","level":"error","event":"2025/12/17 15:40:56 INFO mlflow.tracking._tracking_service.client: 🏃 View run knn_trained_model at: http://host.docker.internal:5050/#/experiments/1/runs/a891247d62bf46279f039627ff092d45.","logger":"task.stderr"}
{"timestamp":"2025-12-17T15:40:56.180447Z","level":"error","event":"2025/12/17 15:40:56 INFO mlflow.tracking._tracking_service.client: 🧪 View experiment at: http://host.docker.internal:5050/#/experiments/1.","logger":"task.stderr"}
{"timestamp":"2025-12-17T15:40:56.255425Z","level":"info","event":"Done. Returned value was: None","logger":"airflow.task.operators.airflow.providers.standard.decorators.python._PythonDecoratedOperator","filename":"python.py","lineno":215}
{"timestamp":"2025-12-17T15:40:56.283109Z","level":"info","event":"Task instance in success state","logger":"task.stdout"}
{"timestamp":"2025-12-17T15:40:56.287436Z","level":"info","event":" Previous state of the Task instance: TaskInstanceState.RUNNING","logger":"task.stdout"}
{"timestamp":"2025-12-17T15:40:56.290520Z","level":"info","event":"Task operator:<Task(_PythonDecoratedOperator): model_training>","logger":"task.stdout"}
